<?xml version="1.0" encoding="UTF-8"?>
<!-- Generated by org.testng.reporters.JUnitReportReporter -->
<testsuite hostname="GFG19667-LAPTOP" failures="0" tests="3" name="com.example.tests.PriorityExampleTest" time="0.014" errors="0" timestamp="2025-01-02T12:21:03 IST" skipped="0">
  <testcase classname="com.example.tests.PriorityExampleTest" name="testB" time="0.007"/>
  <testcase classname="com.example.tests.PriorityExampleTest" name="testA" time="0.003"/>
  <testcase classname="com.example.tests.PriorityExampleTest" name="testC" time="0.004"/>
</testsuite> <!-- com.example.tests.PriorityExampleTest -->
