<?xml version="1.0" encoding="UTF-8"?>
<!-- Generated by org.testng.reporters.JUnitReportReporter -->
<testsuite hostname="GFG19667-LAPTOP" failures="0" tests="1" name="com.telusko.learning.ReverseStringTest" time="0.013" errors="0" timestamp="2024-12-31T10:28:13 IST" skipped="0">
  <testcase classname="com.telusko.learning.ReverseStringTest" name="test" time="0.013"/>
</testsuite> <!-- com.telusko.learning.ReverseStringTest -->
