<?xml version="1.0" encoding="UTF-8"?>
<!-- Generated by org.testng.reporters.JUnitReportReporter -->
<testsuite hostname="GFG19667-LAPTOP" failures="0" tests="9" name="assertion.AssertionExamplesTest" time="0.084" errors="0" timestamp="2025-01-17T15:33:11 IST" skipped="0">
  <testcase classname="assertion.AssertionExamplesTest" name="testNotNull" time="0.033"/>
  <testcase classname="assertion.AssertionExamplesTest" name="testNotSame" time="0.004"/>
  <testcase classname="assertion.AssertionExamplesTest" name="testArrayEquals" time="0.029"/>
  <testcase classname="assertion.AssertionExamplesTest" name="testEquals" time="0.002"/>
  <testcase classname="assertion.AssertionExamplesTest" name="testTrue" time="0.006"/>
  <testcase classname="assertion.AssertionExamplesTest" name="testNotEquals" time="0.002"/>
  <testcase classname="assertion.AssertionExamplesTest" name="testNull" time="0.003"/>
  <testcase classname="assertion.AssertionExamplesTest" name="testFalse" time="0.003"/>
  <testcase classname="assertion.AssertionExamplesTest" name="testSame" time="0.002"/>
</testsuite> <!-- assertion.AssertionExamplesTest -->
