<?xml version="1.0" encoding="UTF-8"?>
<!-- Generated by org.testng.reporters.JUnitReportReporter -->
<testsuite hostname="GFG19667-LAPTOP" failures="0" tests="1" name="com.example.tests.LoginTest" time="0.009" errors="0" timestamp="2024-12-26T12:48:25 IST" skipped="0">
  <testcase classname="com.example.tests.LoginTest" name="testLogin" time="0.009"/>
  <system-out/>
</testsuite> <!-- com.example.tests.LoginTest -->
