<?xml version="1.0" encoding="UTF-8"?>
<!-- Generated by org.testng.reporters.JUnitReportReporter -->
<testsuite hostname="GFG19667-LAPTOP" failures="0" tests="2" name="com.example.tests.SuiteExample" time="0.008" errors="0" timestamp="2024-12-30T11:38:49 IST" skipped="0">
  <testcase classname="com.example.tests.SuiteExample" name="testCase2" time="0.001"/>
  <system-out/>
  <testcase classname="com.example.tests.SuiteExample" name="testCase1" time="0.007"/>
  <system-out/>
</testsuite> <!-- com.example.tests.SuiteExample -->
