<?xml version="1.0" encoding="UTF-8"?>
<!-- Generated by org.testng.reporters.JUnitReportReporter -->
<testsuite hostname="GFG19667-LAPTOP" failures="0" tests="5" name="com.example.tests.DataProviderTest" time="0.029" errors="0" timestamp="2025-01-17T17:11:10 IST" skipped="0">
  <testcase classname="com.example.tests.DataProviderTest" name="testLogin" time="0.005"/>
  <testcase classname="com.example.tests.DataProviderTest" name="testLogin" time="0.010"/>
  <testcase classname="com.example.tests.DataProviderTest" name="testLogin" time="0.006"/>
  <testcase classname="com.example.tests.DataProviderTest" name="testLogin" time="0.004"/>
  <testcase classname="com.example.tests.DataProviderTest" name="testLogin" time="0.004"/>
</testsuite> <!-- com.example.tests.DataProviderTest -->
