<?xml version="1.0" encoding="UTF-8"?>
<!-- Generated by org.testng.reporters.JUnitReportReporter -->
<testsuite hostname="GFG19667-LAPTOP" failures="0" tests="3" name="com.example.tests.DataProviderExample" time="0.010" errors="0" timestamp="2024-12-27T12:00:01 IST" skipped="0">
  <testcase classname="com.example.tests.DataProviderExample" name="loginTest" time="0.008"/>
  <system-out/>
  <testcase classname="com.example.tests.DataProviderExample" name="loginTest" time="0.001"/>
  <system-out/>
  <testcase classname="com.example.tests.DataProviderExample" name="loginTest" time="0.001"/>
  <system-out/>
</testsuite> <!-- com.example.tests.DataProviderExample -->
