<?xml version="1.0" encoding="UTF-8"?>
<!-- Generated by org.testng.reporters.JUnitReportReporter -->
<testsuite hostname="GFG19667-LAPTOP" failures="0" tests="1" name="com.example.tests.SampleTest" time="0.007" errors="0" timestamp="2025-01-02T11:10:09 IST" skipped="0">
  <testcase classname="com.example.tests.SampleTest" name="testAddition" time="0.007"/>
</testsuite> <!-- com.example.tests.SampleTest -->
