<?xml version="1.0" encoding="UTF-8"?>
<!-- Generated by org.testng.reporters.JUnitReportReporter -->
<testsuite hostname="GFG19667-LAPTOP" failures="0" tests="2" name="com.example.tests.SampleTest" time="0.033" errors="0" timestamp="2024-12-26T14:57:07 IST" skipped="0">
  <testcase classname="com.example.tests.SampleTest" name="testMethod1" time="0.013"/>
  <system-out/>
  <testcase classname="com.example.tests.SampleTest" name="testMethod2" time="0.020"/>
  <system-out/>
</testsuite> <!-- com.example.tests.SampleTest -->
