<?xml version="1.0" encoding="UTF-8"?>
<!-- Generated by org.testng.reporters.JUnitReportReporter -->
<testsuite hostname="GFG19667-LAPTOP" failures="0" tests="1" name="com.example.tests.BeforeAndAfterMethod" time="0.036" errors="0" timestamp="2024-12-26T13:02:02 IST" skipped="0">
  <testcase classname="com.example.tests.BeforeAndAfterMethod" name="testMethod" time="0.036"/>
  <system-out/>
</testsuite> <!-- com.example.tests.BeforeAndAfterMethod -->
