<?xml version="1.0" encoding="UTF-8"?>
<!-- Generated by org.testng.reporters.JUnitReportReporter -->
<testsuite hostname="GFG19667-LAPTOP" failures="0" tests="2" name="com.example.tests.TestAnnotationsExample" time="0.012" errors="0" timestamp="2025-01-17T12:48:18 IST" skipped="0">
  <testcase classname="com.example.tests.TestAnnotationsExample" name="testMethod2" time="0.004"/>
  <testcase classname="com.example.tests.TestAnnotationsExample" name="testMethod1" time="0.008"/>
</testsuite> <!-- com.example.tests.TestAnnotationsExample -->
