<?xml version="1.0" encoding="UTF-8"?>
<!-- Generated by org.testng.reporters.JUnitReportReporter -->
<testsuite hostname="GFG19667-LAPTOP" failures="0" tests="2" name="com.example.tests.SuiteAnnotationsTest" time="0.015" errors="0" timestamp="2025-01-17T12:27:02 IST" skipped="0">
  <testcase classname="com.example.tests.SuiteAnnotationsTest" name="test1" time="0.014"/>
  <testcase classname="com.example.tests.SuiteAnnotationsTest" name="test2" time="0.001"/>
</testsuite> <!-- com.example.tests.SuiteAnnotationsTest -->
