<?xml version="1.0" encoding="UTF-8"?>
<!-- Generated by org.testng.reporters.JUnitReportReporter -->
<testsuite hostname="GFG19667-LAPTOP" failures="0" tests="4" name="com.example.tests.GroupExample" time="0.014" errors="0" timestamp="2025-01-02T11:48:43 IST" skipped="0">
  <testcase classname="com.example.tests.GroupExample" name="smokeTest" time="0.003"/>
  <testcase classname="com.example.tests.GroupExample" name="regressionTest" time="0.001"/>
  <testcase classname="com.example.tests.GroupExample" name="smokeAndRegressionTest" time="0.008"/>
  <testcase classname="com.example.tests.GroupExample" name="smokeAndRegressionTest" time="0.002"/>
</testsuite> <!-- com.example.tests.GroupExample -->
