<?xml version="1.0" encoding="UTF-8"?>
<!-- Generated by org.testng.reporters.JUnitReportReporter -->
<testsuite hostname="GFG19667-LAPTOP" failures="0" tests="2" name="assertion.SoftAssertionExamplesTest" time="0.058" errors="0" timestamp="2025-01-17T15:58:06 IST" skipped="0">
  <testcase classname="assertion.SoftAssertionExamplesTest" name="testNormalAssertions" time="0.029"/>
  <testcase classname="assertion.SoftAssertionExamplesTest" name="testSoftAssertions" time="0.029"/>
</testsuite> <!-- assertion.SoftAssertionExamplesTest -->
