<?xml version="1.0" encoding="UTF-8"?>
<!-- Generated by org.testng.reporters.JUnitReportReporter -->
<testsuite hostname="GFG19667-LAPTOP" failures="0" tests="2" name="com.example.tests.TestNGExampleClass" time="0.014" errors="0" timestamp="2024-12-26T12:44:43 IST" skipped="0">
  <testcase classname="com.example.tests.TestNGExampleClass" name="testMethod2" time="0.007"/>
  <system-out/>
  <testcase classname="com.example.tests.TestNGExampleClass" name="testMethod1" time="0.007"/>
  <system-out/>
</testsuite> <!-- com.example.tests.TestNGExampleClass -->
