<?xml version="1.0" encoding="UTF-8"?>
<!-- Generated by org.testng.reporters.JUnitReportReporter -->
<testsuite hostname="GFG19667-LAPTOP" failures="0" tests="2" name="com.example.tests.AllAnnotationsTest" time="0.011" errors="0" timestamp="2025-01-17T12:59:16 IST" skipped="0">
  <testcase classname="com.example.tests.AllAnnotationsTest" name="testMethod1" time="0.008"/>
  <testcase classname="com.example.tests.AllAnnotationsTest" name="testMethod2" time="0.003"/>
</testsuite> <!-- com.example.tests.AllAnnotationsTest -->
