<?xml version="1.0" encoding="UTF-8"?>
<!-- Generated by org.testng.reporters.JUnitReportReporter -->
<testsuite hostname="GFG19667-LAPTOP" failures="0" tests="1" name="com.example.tests.FirstTest" time="0.007" errors="0" timestamp="2024-12-24T12:47:42 IST" skipped="0">
  <testcase classname="com.example.tests.FirstTest" name="sampleTest" time="0.007"/>
  <system-out/>
</testsuite> <!-- com.example.tests.FirstTest -->
